Start testing: May 30 14:09 IST
----------------------------------------------------------
Unable to find executable: /home/gon/Developer/Utils/build/t3.test
1/3 Testing: t3.test
1/3 Test: t3.test
Command: ""
Directory: /home/gon/Developer/Utils/build
"t3.test" start time: 
Output:
----------------------------------------------------------
<end of output>
Test time =   0.00 sec
----------------------------------------------------------
Test Passed.
"t3.test" end time: May 30 14:09 IST
"t3.test" time elapsed: 00:00:00
----------------------------------------------------------

Unable to find executable: /home/gon/Developer/Utils/build/t4.test
2/3 Testing: t4.test
2/3 Test: t4.test
Command: ""
Directory: /home/gon/Developer/Utils/build
"t4.test" start time: 
Output:
----------------------------------------------------------
<end of output>
Test time =   0.00 sec
----------------------------------------------------------
Test Passed.
"t4.test" end time: May 30 14:09 IST
"t4.test" time elapsed: 00:00:00
----------------------------------------------------------

Unable to find executable: /home/gon/Developer/Utils/build/t9.test
3/3 Testing: t9.test
3/3 Test: t9.test
Command: ""
Directory: /home/gon/Developer/Utils/build
"t9.test" start time: 
Output:
----------------------------------------------------------
<end of output>
Test time =   0.00 sec
----------------------------------------------------------
Test Passed.
"t9.test" end time: May 30 14:09 IST
"t9.test" time elapsed: 00:00:00
----------------------------------------------------------

End testing: May 30 14:09 IST
